<?xml version="1.0" encoding="UTF-8"?>
<!-- Generated by org.testng.reporters.JUnitReportReporter -->
<testsuite hostname="DESKTOP-O6MNE66" failures="0" tests="2" name="testcase.CreateLead" time="48.757" errors="0" timestamp="2021-09-08T11:13:17 IST" skipped="0">
  <testcase classname="testcase.CreateLead" name="runCreate" time="22.320"/>
  <system-out/>
  <testcase classname="testcase.CreateLead" name="runCreate" time="26.437"/>
  <system-out/>
</testsuite> <!-- testcase.CreateLead -->
